[Sat, 27 Oct 2012 16:58:40 GMT] INFO Server starting with config: {
  "environment": "development",
  "workers": 1,
  "port": 4000,
  "debug": true,
  "rotateWorkers": false,
  "rotationWindow": 7200000,
  "rotationTimeout": 300000,
  "logDir": "/Users/bwestmoreland/Desktop/taste_the_arts/log",
  "gracefulShutdownTimeout": 30000,
  "heartbeatInterval": 5000,
  "heartbeatWindow": 20000,
  "staticFilePath": "/Users/bwestmoreland/Desktop/taste_the_arts/public",
  "sessions": {
    "store": "memory",
    "key": "sid",
    "expiry": 1209600
  },
  "cookieSessionKey": "sdata",
  "metrics": null,
  "i18n": {
    "defaultLocale": "en-us",
    "loadPaths": [
      "/Users/bwestmoreland/Desktop/taste_the_arts/config/locales"
    ]
  },
  "spdy": null,
  "ssl": null,
  "hostname": null,
  "detailedErrors": true,
  "model": {
    "defaultAdapter": "memory"
  }
}
[Sat, 27 Oct 2012 16:58:40 GMT] INFO Creating 1 worker process.
[Sat, 27 Oct 2012 16:58:40 GMT] INFO Server worker running in development on port 4000 with a PID of: 3770
[Sat, 27 Oct 2012 16:58:40 GMT] DEBUG LOGGING STARTED ============================================
[Sat, 27 Oct 2012 16:58:40 GMT] DEBUG ============================================================
[Mon, 29 Oct 2012 12:41:21 GMT] INFO Code changed, killing 3770, cycling ...
[Mon, 29 Oct 2012 12:41:21 GMT] INFO Creating 1 worker process.
